*****
Timestamp: 2016-03-04 12:33:16 AM
Message: test+++
Category: DiskFiles
Priority: -1
EventId: 1
Severity: Information
Title:
Machine: DESKTOP-EDKM2ED
App Domain: ChatApp.vshost.exe
ProcessId: 16052
Process Name: C:\Users\Gregp\Desktop\w0273754\Advanced OOP\3\Assignment2_PROG2200_GregMiller\ChatApp\bin\Debug\ChatApp.vshost.exe
Thread Name: 
Win32 ThreadId:17548
Extended Properties: 
*****
*****
Timestamp: 2016-03-04 12:33:42 AM
Message: test+++
Category: DiskFiles
Priority: -1
EventId: 1
Severity: Information
Title:
Machine: DESKTOP-EDKM2ED
App Domain: ChatApp.vshost.exe
ProcessId: 7368
Process Name: C:\Users\Gregp\Desktop\w0273754\Advanced OOP\3\Assignment2_PROG2200_GregMiller\ChatApp\bin\Debug\ChatApp.vshost.exe
Thread Name: 
Win32 ThreadId:7928
Extended Properties: 
*****
